#0 building with "default" instance using docker driver

#1 [internal] load build definition from Dockerfile
#1 transferring dockerfile: 715B 0.0s done
#1 DONE 0.0s

#2 [internal] load .dockerignore
#2 transferring context: 2B done
#2 DONE 0.0s

#3 [internal] load metadata for registry.access.redhat.com/ubi8/php-74:latest
#3 DONE 0.2s

#4 [ 1/17] FROM registry.access.redhat.com/ubi8/php-74@sha256:adf6f8b78163c9c826142a58bf719771a583884b5a0cdfb1188d93b711055c74
#4 CACHED

#5 [internal] load build context
#5 transferring context: 2.03MB 4.0s done
#5 DONE 4.1s

#6 [ 2/17] ADD . /var/www/html/
#6 DONE 4.5s

#7 [ 3/17] ADD ./patch1.sh /patch1.sh
#7 DONE 0.0s

#8 [ 4/17] RUN bash /patch1.sh && rm /patch1.sh
#8 0.996 Updating Subscription Management repositories.
#8 0.996 Unable to read consumer identity
#8 1.003 
#8 1.003 This system is not registered with an entitlement server. You can use subscription-manager to register.
#8 1.003 
#8 1.228 Dependencies resolved.
#8 1.233 ======================================================================================================================
#8 1.233  Package            Arch    Version                                           Repository                          Size
#8 1.233 ======================================================================================================================
#8 1.233 Removing:
#8 1.233  nodejs             x86_64  1:20.9.0-1.module+el8.9.0+20634+bcbf506f          @rhel-8-for-x86_64-appstream-rpms   51 M
#8 1.233 Removing dependent packages:
#8 1.233  npm                x86_64  1:10.1.0-1.20.9.0.1.module+el8.9.0+20634+bcbf506f @rhel-8-for-x86_64-appstream-rpms  9.5 M
#8 1.233 Removing unused dependencies:
#8 1.233  nodejs-docs        noarch  1:20.9.0-1.module+el8.9.0+20634+bcbf506f          @rhel-8-for-x86_64-appstream-rpms   85 M
#8 1.233  nodejs-full-i18n   x86_64  1:20.9.0-1.module+el8.9.0+20634+bcbf506f          @rhel-8-for-x86_64-appstream-rpms   31 M
#8 1.233 
#8 1.233 Transaction Summary
#8 1.233 ======================================================================================================================
#8 1.233 Remove  4 Packages
#8 1.233 
#8 1.234 Freed space: 176 M
#8 1.236 Running transaction check
#8 1.253 Transaction check succeeded.
#8 1.253 Running transaction test
#8 1.308 Transaction test succeeded.
#8 1.310 Running transaction
#8 1.495   Preparing        :                                                        1/1 
#8 1.549   Erasing          : nodejs-1:20.9.0-1.module+el8.9.0+20634+bcbf506f.x86_   1/4 
#8 2.055   Erasing          : npm-1:10.1.0-1.20.9.0.1.module+el8.9.0+20634+bcbf506   2/4 
#8 2.172   Erasing          : nodejs-docs-1:20.9.0-1.module+el8.9.0+20634+bcbf506f   3/4 
#8 2.198   Erasing          : nodejs-full-i18n-1:20.9.0-1.module+el8.9.0+20634+bcb   4/4 
#8 2.309   Verifying        : nodejs-1:20.9.0-1.module+el8.9.0+20634+bcbf506f.x86_   1/4 
#8 2.311   Verifying        : nodejs-docs-1:20.9.0-1.module+el8.9.0+20634+bcbf506f   2/4 
#8 2.313   Verifying        : nodejs-full-i18n-1:20.9.0-1.module+el8.9.0+20634+bcb   3/4 
#8 2.313   Verifying        : npm-1:10.1.0-1.20.9.0.1.module+el8.9.0+20634+bcbf506   4/4 
#8 2.542 Installed products updated.
#8 2.558 
#8 2.558 Removed:
#8 2.558   nodejs-1:20.9.0-1.module+el8.9.0+20634+bcbf506f.x86_64                        
#8 2.558   nodejs-docs-1:20.9.0-1.module+el8.9.0+20634+bcbf506f.noarch                   
#8 2.558   nodejs-full-i18n-1:20.9.0-1.module+el8.9.0+20634+bcbf506f.x86_64              
#8 2.558   npm-1:10.1.0-1.20.9.0.1.module+el8.9.0+20634+bcbf506f.x86_64                  
#8 2.558 
#8 2.558 Complete!
#8 3.454 Updating Subscription Management repositories.
#8 3.454 Unable to read consumer identity
#8 3.462 
#8 3.462 This system is not registered with an entitlement server. You can use subscription-manager to register.
#8 3.462 
#8 3.480 0 files removed
#8 4.210 Updating Subscription Management repositories.
#8 4.210 Unable to read consumer identity
#8 4.217 
#8 4.217 This system is not registered with an entitlement server. You can use subscription-manager to register.
#8 4.217 
#8 6.469 Red Hat Universal Base Image 8 (RPMs) - BaseOS  338 kB/s | 717 kB     00:02    
#8 9.284 Red Hat Universal Base Image 8 (RPMs) - AppStre 1.1 MB/s | 3.0 MB     00:02    
#8 12.10 Red Hat Universal Base Image 8 (RPMs) - CodeRea  51 kB/s | 103 kB     00:01    
#8 12.54 Dependencies resolved.
#8 12.54 ================================================================================
#8 12.54  Package           Architecture Version           Repository               Size
#8 12.54 ================================================================================
#8 12.54 Upgrading:
#8 12.54  libsemanage       x86_64       2.9-9.el8_6       ubi-8-baseos-rpms       168 k
#8 12.54  tzdata            noarch       2023d-1.el8       ubi-8-baseos-rpms       478 k
#8 12.54 
#8 12.54 Transaction Summary
#8 12.54 ================================================================================
#8 12.54 Upgrade  2 Packages
#8 12.54 
#8 12.54 Total download size: 646 k
#8 12.54 Downloading Packages:
#8 13.78 (1/2): libsemanage-2.9-9.el8_6.x86_64.rpm       136 kB/s | 168 kB     00:01    
#8 13.79 (2/2): tzdata-2023d-1.el8.noarch.rpm            384 kB/s | 478 kB     00:01    
#8 13.79 --------------------------------------------------------------------------------
#8 13.79 Total                                           516 kB/s | 646 kB     00:01     
#8 13.82 Running transaction check
#8 13.84 Transaction check succeeded.
#8 13.84 Running transaction test
#8 13.91 Transaction test succeeded.
#8 13.91 Running transaction
#8 13.94   Preparing        :                                                        1/1 
#8 14.24   Upgrading        : tzdata-2023d-1.el8.noarch                              1/4 
#8 14.32   Upgrading        : libsemanage-2.9-9.el8_6.x86_64                         2/4 
#8 14.41   Cleanup          : tzdata-2023c-1.el8.noarch                              3/4 
#8 14.44   Cleanup          : libsemanage-2.9-9.el8.x86_64                           4/4 
#8 14.47   Running scriptlet: libsemanage-2.9-9.el8.x86_64                           4/4 
#8 14.68   Verifying        : libsemanage-2.9-9.el8_6.x86_64                         1/4 
#8 14.68   Verifying        : libsemanage-2.9-9.el8.x86_64                           2/4 
#8 14.68   Verifying        : tzdata-2023d-1.el8.noarch                              3/4 
#8 14.68   Verifying        : tzdata-2023c-1.el8.noarch                              4/4 
#8 14.89 Installed products updated.
#8 14.92 
#8 14.92 Upgraded:
#8 14.92   libsemanage-2.9-9.el8_6.x86_64            tzdata-2023d-1.el8.noarch           
#8 14.92 
#8 14.92 Complete!
#8 15.56 Updating Subscription Management repositories.
#8 15.56 Unable to read consumer identity
#8 15.56 
#8 15.56 This system is not registered with an entitlement server. You can use subscription-manager to register.
#8 15.56 
#8 15.67 Last metadata expiration check: 0:00:04 ago on Mon Jan 15 15:53:40 2024.
#8 15.99 Dependencies resolved.
#8 16.00 Nothing to do.
#8 16.00 Complete!
#8 16.72 Updating Subscription Management repositories.
#8 16.72 Unable to read consumer identity
#8 16.73 
#8 16.73 This system is not registered with an entitlement server. You can use subscription-manager to register.
#8 16.73 
#8 16.85 Last metadata expiration check: 0:00:05 ago on Mon Jan 15 15:53:40 2024.
#8 17.08 Package unzip-6.0-46.el8.x86_64 is already installed.
#8 17.08 Package zip-3.0-23.el8.x86_64 is already installed.
#8 17.10 Dependencies resolved.
#8 17.11 ==========================================================================================
#8 17.11  Package     Arch    Version                                   Repository             Size
#8 17.11 ==========================================================================================
#8 17.11 Installing:
#8 17.11  php-devel   x86_64  7.4.33-1.module+el8.8.0+17865+ef7eddfa    ubi-8-appstream-rpms  730 k
#8 17.11  php-pear    noarch  1:1.10.13-1.module+el8.7.0+15127+a450a8db ubi-8-appstream-rpms  362 k
#8 17.11  sudo        x86_64  1.8.29-10.el8                             ubi-8-baseos-rpms     926 k
#8 17.11  yum-utils   noarch  4.0.21-23.el8                             ubi-8-baseos-rpms      76 k
#8 17.11 Installing dependencies:
#8 17.11  libtool     x86_64  2.4.6-25.el8                              ubi-8-appstream-rpms  709 k
#8 17.11 
#8 17.11 Transaction Summary
#8 17.11 ==========================================================================================
#8 17.11 Install  5 Packages
#8 17.11 
#8 17.11 Total download size: 2.7 M
#8 17.11 Installed size: 13 M
#8 17.11 Downloading Packages:
#8 18.44 (1/5): yum-utils-4.0.21-23.el8.noarch.rpm        57 kB/s |  76 kB     00:01    
#8 18.53 (2/5): libtool-2.4.6-25.el8.x86_64.rpm          501 kB/s | 709 kB     00:01    
#8 18.55 (3/5): sudo-1.8.29-10.el8.x86_64.rpm            643 kB/s | 926 kB     00:01    
#8 19.57 (4/5): php-pear-1.10.13-1.module+el8.7.0+15127+ 349 kB/s | 362 kB     00:01    
#8 19.61 (5/5): php-devel-7.4.33-1.module+el8.8.0+17865+ 623 kB/s | 730 kB     00:01    
#8 19.62 --------------------------------------------------------------------------------
#8 19.62 Total                                           1.1 MB/s | 2.7 MB     00:02     
#8 19.76 Running transaction check
#8 19.83 Transaction check succeeded.
#8 19.83 Running transaction test
#8 19.94 Transaction test succeeded.
#8 19.95 Running transaction
#8 20.02   Preparing        :                                                        1/1 
#8 20.21   Installing       : libtool-2.4.6-25.el8.x86_64                            1/5 
#8 20.22   Running scriptlet: libtool-2.4.6-25.el8.x86_64                            1/5 
#8 20.53   Installing       : php-devel-7.4.33-1.module+el8.8.0+17865+ef7eddfa.x86   2/5 
#8 20.77   Installing       : php-pear-1:1.10.13-1.module+el8.7.0+15127+a450a8db.n   3/5 
#8 20.81   Installing       : yum-utils-4.0.21-23.el8.noarch                         4/5 
#8 21.01   Installing       : sudo-1.8.29-10.el8.x86_64                              5/5 
#8 21.03   Running scriptlet: sudo-1.8.29-10.el8.x86_64                              5/5 
#8 21.14   Running scriptlet: php-pear-1:1.10.13-1.module+el8.7.0+15127+a450a8db.n   5/5 
#8 21.97   Verifying        : sudo-1.8.29-10.el8.x86_64                              1/5 
#8 21.97   Verifying        : yum-utils-4.0.21-23.el8.noarch                         2/5 
#8 21.97   Verifying        : libtool-2.4.6-25.el8.x86_64                            3/5 
#8 21.97   Verifying        : php-devel-7.4.33-1.module+el8.8.0+17865+ef7eddfa.x86   4/5 
#8 21.97   Verifying        : php-pear-1:1.10.13-1.module+el8.7.0+15127+a450a8db.n   5/5 
#8 22.25 Installed products updated.
#8 22.29 
#8 22.29 Installed:
#8 22.29   libtool-2.4.6-25.el8.x86_64                                                   
#8 22.29   php-devel-7.4.33-1.module+el8.8.0+17865+ef7eddfa.x86_64                       
#8 22.29   php-pear-1:1.10.13-1.module+el8.7.0+15127+a450a8db.noarch                     
#8 22.29   sudo-1.8.29-10.el8.x86_64                                                     
#8 22.29   yum-utils-4.0.21-23.el8.noarch                                                
#8 22.29 
#8 22.29 Complete!
#8 22.47   % Total    % Received % Xferd  Average Speed   Time    Time     Time  Current
#8 22.47                                  Dload  Upload   Total   Spent    Left  Speed
#8 22.47   0     0    0     0    0     0      0      0 --:--:-- --:--:-- --:--:--     0100   192  100   192    0     0    678      0 --:--:-- --:--:-- --:--:--   678
#8 22.75 [packages-microsoft-com-prod]
#8 22.75 name=packages-microsoft-com-prod
#8 22.75 baseurl=https://packages.microsoft.com/rhel/8/prod/
#8 22.75 enabled=1
#8 22.75 gpgcheck=1
#8 22.75 gpgkey=https://packages.microsoft.com/keys/microsoft.ascUpdating Subscription Management repositories.
#8 23.47 Unable to read consumer identity
#8 23.48 
#8 23.48 This system is not registered with an entitlement server. You can use subscription-manager to register.
#8 23.48 
#8 23.65 No match for argument: unixODBC-utf16
#8 23.65 No match for argument: unixODBC-utf16-devel
#8 23.65 No packages marked for removal.
#8 23.67 Dependencies resolved.
#8 23.67 Nothing to do.
#8 23.67 Complete!
#8 24.39 Updating Subscription Management repositories.
#8 24.39 Unable to read consumer identity
#8 24.40 
#8 24.40 This system is not registered with an entitlement server. You can use subscription-manager to register.
#8 24.40 
#8 26.37 packages-microsoft-com-prod                     5.3 MB/s | 9.7 MB     00:01    
#8 32.16 Last metadata expiration check: 0:00:07 ago on Mon Jan 15 15:53:54 2024.
#8 32.61 Dependencies resolved.
#8 32.62 ================================================================================
#8 32.62  Package        Arch      Version          Repository                      Size
#8 32.62 ================================================================================
#8 32.62 Installing:
#8 32.62  msodbcsql18    x86_64    18.3.2.1-1       packages-microsoft-com-prod    925 k
#8 32.62 Installing dependencies:
#8 32.62  unixODBC       x86_64    2.3.11-1.rh      packages-microsoft-com-prod    274 k
#8 32.62 
#8 32.62 Transaction Summary
#8 32.62 ================================================================================
#8 32.62 Install  2 Packages
#8 32.62 
#8 32.62 Total download size: 1.2 M
#8 32.62 Installed size: 2.9 M
#8 32.62 Downloading Packages:
#8 33.02 (1/2): unixODBC-2.3.11-1.rh.x86_64.rpm          689 kB/s | 274 kB     00:00    
#8 33.19 (2/2): msodbcsql18-18.3.2.1-1.x86_64.rpm        1.6 MB/s | 925 kB     00:00    
#8 33.19 --------------------------------------------------------------------------------
#8 33.19 Total                                           2.0 MB/s | 1.2 MB     00:00     
#8 33.43 packages-microsoft-com-prod                     4.8 kB/s | 983  B     00:00    
#8 33.56 Importing GPG key 0xBE1229CF:
#8 33.56  Userid     : "Microsoft (Release signing) <gpgsecurity@microsoft.com>"
#8 33.56  Fingerprint: BC52 8686 B50D 79E3 39D3 721C EB3E 94AD BE12 29CF
#8 33.56  From       : https://packages.microsoft.com/keys/microsoft.asc
#8 33.58 Key imported successfully
#8 33.63 Running transaction check
#8 33.65 Transaction check succeeded.
#8 33.65 Running transaction test
#8 33.73 Transaction test succeeded.
#8 33.74 Running transaction
#8 33.79   Preparing        :                                                        1/1 
#8 33.85   Installing       : unixODBC-2.3.11-1.rh.x86_64                            1/2 
#8 33.88   Running scriptlet: unixODBC-2.3.11-1.rh.x86_64                            1/2 
#8 33.90   Running scriptlet: msodbcsql18-18.3.2.1-1.x86_64                          2/2 
#8 33.96   Installing       : msodbcsql18-18.3.2.1-1.x86_64                          2/2 
#8 33.99   Running scriptlet: msodbcsql18-18.3.2.1-1.x86_64                          2/2 
#8 34.01 odbcinst: Driver installed. Usage count increased to 1. 
#8 34.01     Target directory is /etc
#8 34.01 
#8 34.21   Verifying        : msodbcsql18-18.3.2.1-1.x86_64                          1/2 
#8 34.21   Verifying        : unixODBC-2.3.11-1.rh.x86_64                            2/2 
#8 34.50 Installed products updated.
#8 34.54 
#8 34.54 Installed:
#8 34.54   msodbcsql18-18.3.2.1-1.x86_64           unixODBC-2.3.11-1.rh.x86_64          
#8 34.54 
#8 34.54 Complete!
#8 35.22 Updating Subscription Management repositories.
#8 35.22 Unable to read consumer identity
#8 35.23 
#8 35.23 This system is not registered with an entitlement server. You can use subscription-manager to register.
#8 35.23 
#8 35.35 Last metadata expiration check: 0:00:10 ago on Mon Jan 15 15:53:54 2024.
#8 35.62 Dependencies resolved.
#8 35.62 ================================================================================
#8 35.62  Package          Arch      Version        Repository                      Size
#8 35.62 ================================================================================
#8 35.62 Installing:
#8 35.62  mssql-tools18    x86_64    18.2.1.1-1     packages-microsoft-com-prod    292 k
#8 35.62 
#8 35.62 Transaction Summary
#8 35.62 ================================================================================
#8 35.62 Install  1 Package
#8 35.62 
#8 35.62 Total download size: 292 k
#8 35.62 Installed size: 718 k
#8 35.62 Downloading Packages:
#8 35.97 mssql-tools18-18.2.1.1-1.x86_64.rpm             848 kB/s | 292 kB     00:00    
#8 35.98 --------------------------------------------------------------------------------
#8 35.98 Total                                           835 kB/s | 292 kB     00:00     
#8 36.00 Running transaction check
#8 36.01 Transaction check succeeded.
#8 36.01 Running transaction test
#8 36.03 Transaction test succeeded.
#8 36.03 Running transaction
#8 36.05   Preparing        :                                                        1/1 
#8 36.06   Running scriptlet: mssql-tools18-18.2.1.1-1.x86_64                        1/1 
#8 36.08   Installing       : mssql-tools18-18.2.1.1-1.x86_64                        1/1 
#8 36.20   Verifying        : mssql-tools18-18.2.1.1-1.x86_64                        1/1 
#8 36.46 Installed products updated.
#8 36.49 
#8 36.49 Installed:
#8 36.49   mssql-tools18-18.2.1.1-1.x86_64                                               
#8 36.49 
#8 36.49 Complete!
#8 37.13 Updating Subscription Management repositories.
#8 37.13 Unable to read consumer identity
#8 37.13 
#8 37.13 This system is not registered with an entitlement server. You can use subscription-manager to register.
#8 37.13 
#8 37.28 Last metadata expiration check: 0:00:12 ago on Mon Jan 15 15:53:54 2024.
#8 37.68 Dependencies resolved.
#8 37.68 ================================================================================
#8 37.68  Package          Arch     Version          Repository                     Size
#8 37.68 ================================================================================
#8 37.68 Installing:
#8 37.68  initscripts      x86_64   10.00.18-1.el8   ubi-8-baseos-rpms             340 k
#8 37.68  unixODBC-devel   x86_64   2.3.7-1.rh       packages-microsoft-com-prod    42 k
#8 37.68 Downgrading:
#8 37.68  unixODBC         x86_64   2.3.7-1.rh       packages-microsoft-com-prod   213 k
#8 37.68 
#8 37.68 Transaction Summary
#8 37.68 ================================================================================
#8 37.68 Install    2 Packages
#8 37.68 Downgrade  1 Package
#8 37.68 
#8 37.68 Total download size: 595 k
#8 37.68 Downloading Packages:
#8 38.94 (1/3): unixODBC-devel-2.3.7-1.rh.x86_64.rpm      34 kB/s |  42 kB     00:01    
#8 38.97 (2/3): initscripts-10.00.18-1.el8.x86_64.rpm    266 kB/s | 340 kB     00:01    
#8 39.24 (3/3): unixODBC-2.3.7-1.rh.x86_64.rpm           137 kB/s | 213 kB     00:01    
#8 39.24 --------------------------------------------------------------------------------
#8 39.24 Total                                           382 kB/s | 595 kB     00:01     
#8 39.29 Running transaction check
#8 39.34 Transaction check succeeded.
#8 39.34 Running transaction test
#8 39.43 Transaction test succeeded.
#8 39.44 Running transaction
#8 39.47   Preparing        :                                                        1/1 
#8 39.59   Downgrading      : unixODBC-2.3.7-1.rh.x86_64                             1/4 
#8 39.61   Running scriptlet: unixODBC-2.3.7-1.rh.x86_64                             1/4 
#8 39.64   Installing       : unixODBC-devel-2.3.7-1.rh.x86_64                       2/4 
#8 39.70   Installing       : initscripts-10.00.18-1.el8.x86_64                      3/4 
#8 39.73   Running scriptlet: initscripts-10.00.18-1.el8.x86_64                      3/4 
#8 39.75   Cleanup          : unixODBC-2.3.11-1.rh.x86_64                            4/4 
#8 39.76   Running scriptlet: unixODBC-2.3.11-1.rh.x86_64                            4/4 
#8 39.96   Verifying        : unixODBC-2.3.7-1.rh.x86_64                             1/4 
#8 39.96   Verifying        : unixODBC-2.3.11-1.rh.x86_64                            2/4 
#8 39.96   Verifying        : unixODBC-devel-2.3.7-1.rh.x86_64                       3/4 
#8 39.96   Verifying        : initscripts-10.00.18-1.el8.x86_64                      4/4 
#8 40.27 Installed products updated.
#8 40.31 
#8 40.31 Downgraded:
#8 40.31   unixODBC-2.3.7-1.rh.x86_64                                                    
#8 40.31 Installed:
#8 40.31   initscripts-10.00.18-1.el8.x86_64       unixODBC-devel-2.3.7-1.rh.x86_64      
#8 40.31 
#8 40.31 Complete!
#8 40.57 Updating channel "pecl.php.net"
#8 40.99 Update of Channel "pecl.php.net" succeeded
#8 42.84 pecl/sqlsrv requires PHP (version >= 8.0.0), installed version is 7.4.33
#8 42.84 No valid packages found
#8 42.84 install failed
#8 44.70 pecl/pdo_sqlsrv requires PHP (version >= 8.0.0), installed version is 7.4.33
#8 44.70 No valid packages found
#8 44.70 install failed
#8 44.80 PHP Warning:  PHP Startup: Unable to load dynamic library 'pdo_sqlsrv.so' (tried: /usr/lib64/php/modules/pdo_sqlsrv.so (/usr/lib64/php/modules/pdo_sqlsrv.so: cannot open shared object file: No such file or directory), /usr/lib64/php/modules/pdo_sqlsrv.so.so (/usr/lib64/php/modules/pdo_sqlsrv.so.so: cannot open shared object file: No such file or directory)) in Unknown on line 0
#8 44.84 PHP Warning:  PHP Startup: Unable to load dynamic library 'sqlsrv.so' (tried: /usr/lib64/php/modules/sqlsrv.so (/usr/lib64/php/modules/sqlsrv.so: cannot open shared object file: No such file or directory), /usr/lib64/php/modules/sqlsrv.so.so (/usr/lib64/php/modules/sqlsrv.so.so: cannot open shared object file: No such file or directory)) in Unknown on line 0
#8 44.85 PHP Warning:  PHP Startup: Unable to load dynamic library 'pdo_sqlsrv.so' (tried: /usr/lib64/php/modules/pdo_sqlsrv.so (/usr/lib64/php/modules/pdo_sqlsrv.so: cannot open shared object file: No such file or directory), /usr/lib64/php/modules/pdo_sqlsrv.so.so (/usr/lib64/php/modules/pdo_sqlsrv.so.so: cannot open shared object file: No such file or directory)) in Unknown on line 0
#8 47.24 downloading redis-6.0.2.tgz ...
#8 47.24 Starting to download redis-6.0.2.tgz (365,966 bytes)
#8 47.24 ..........................................................................done: 365,966 bytes
#8 47.87 43 source files, building
#8 47.87 running: phpize
#8 47.89 Configuring for:
#8 47.89 PHP Api Version:         20190902
#8 47.89 Zend Module Api No:      20190902
#8 47.89 Zend Extension Api No:   320190902
#8 49.66 enable igbinary serializer support? [no] : enable lzf compression support? [no] : enable zstd compression support? [no] : enable msgpack serializer support? [no] : enable lz4 compression? [no] : use system liblz4? [yes] : building in /var/tmp/pear-build-rootZYs88a/redis-6.0.2
#8 49.67 running: /var/tmp/redis/configure --with-php-config=/bin/php-config --enable-redis-igbinary=no --enable-redis-lzf=no --enable-redis-zstd=no --enable-redis-msgpack=no --enable-redis-lz4=no --with-liblz4
#8 50.24 checking for grep that handles long lines and -e... /bin/grep
#8 50.24 checking for egrep... /bin/grep -E
#8 50.26 checking for a sed that does not truncate output... /bin/sed
#8 50.40 checking for pkg-config... /bin/pkg-config
#8 50.41 checking pkg-config is at least version 0.9.0... yes
#8 50.41 checking for cc... cc
#8 51.12 checking whether the C compiler works... yes
#8 51.12 checking for C compiler default output file name... a.out
#8 51.32 checking for suffix of executables...
#8 51.52 checking whether we are cross compiling... no
#8 51.62 checking for suffix of object files... o
#8 51.69 checking whether we are using the GNU C compiler... yes
#8 51.76 checking whether cc accepts -g... yes
#8 51.92 checking for cc option to accept ISO C89... none needed
#8 51.99 checking how to run the C preprocessor... cc -E
#8 52.06 checking for icc... no
#8 52.08 checking for suncc... no
#8 52.08 checking for system library directory... lib
#8 52.11 checking if compiler supports -R... no
#8 52.23 checking if compiler supports -Wl,-rpath,... yes
#8 52.35 checking build system type... x86_64-pc-linux-gnu
#8 52.35 checking host system type... x86_64-pc-linux-gnu
#8 52.36 checking target system type... x86_64-pc-linux-gnu
#8 52.48 checking for PHP prefix... /usr
#8 52.48 checking for PHP includes... -I/usr/include/php -I/usr/include/php/main -I/usr/include/php/TSRM -I/usr/include/php/Zend -I/usr/include/php/ext -I/usr/include/php/ext/date/lib
#8 52.48 checking for PHP extension directory... /usr/lib64/php/modules
#8 52.48 checking for PHP installed headers prefix... /usr/include/php
#8 52.58 checking if debug is enabled... no
#8 52.65 checking if zts is enabled... no
#8 52.66 checking for gawk... gawk
#8 52.66 checking whether to enable redis support... yes, shared
#8 52.66 checking whether to enable sessions... yes
#8 52.66 checking whether to enable json serializer support... yes
#8 52.66 checking whether to enable igbinary serializer support... no
#8 52.66 checking whether to enable msgpack serializer support... no
#8 52.66 checking whether to enable lzf compression... no
#8 52.66 checking use system liblzf... no
#8 52.66 checking whether to enable Zstd compression... no
#8 52.66 checking use system libzstd... yes
#8 52.66 checking whether to enable lz4 compression... no
#8 52.66 checking use system liblz4... yes
#8 52.68 checking for hash includes... /usr/include/php
#8 52.68 checking for json includes... /usr/include/php
#8 52.68 checking for redis json support... enabled
#8 52.69 checking for redis igbinary support... disabled
#8 52.69 checking for pkg-config... /bin/pkg-config
#8 52.69 checking for git... yes
#8 52.77 checking how to print strings... printf
#8 52.77 checking for a sed that does not truncate output... (cached) /bin/sed
#8 52.78 checking for fgrep... /bin/grep -F
#8 52.80 checking for ld used by cc... /bin/ld
#8 52.81 checking if the linker (/bin/ld) is GNU ld... yes
#8 52.83 checking for BSD- or MS-compatible name lister (nm)... /bin/nm -B
#8 52.91 checking the name lister (/bin/nm -B) interface... BSD nm
#8 52.91 checking whether ln -s works... yes
#8 52.93 checking the maximum length of command line arguments... 1572864
#8 52.94 checking how to convert x86_64-pc-linux-gnu file names to x86_64-pc-linux-gnu format... func_convert_file_noop
#8 52.94 checking how to convert x86_64-pc-linux-gnu file names to toolchain format... func_convert_file_noop
#8 52.94 checking for /bin/ld option to reload object files... -r
#8 52.95 checking for objdump... objdump
#8 52.95 checking how to recognize dependent libraries... pass_all
#8 52.95 checking for dlltool... no
#8 52.96 checking how to associate runtime and link libraries... printf %s\n
#8 52.96 checking for ar... ar
#8 53.05 checking for archiver @FILE support... @
#8 53.05 checking for strip... strip
#8 53.05 checking for ranlib... ranlib
#8 53.05 checking for gawk... (cached) gawk
#8 53.34 checking command to parse /bin/nm -B output from cc object... ok
#8 53.35 checking for sysroot... no
#8 53.36 checking for a working dd... /var/tmp/redis/configure: line 8376: cmp: command not found
#8 53.37 /var/tmp/redis/configure: line 8376: cmp: command not found
#8 53.38 
#8 53.39 checking how to truncate binary pipes... /bin/sed -e 4q
#8 53.47 checking for mt... no
#8 53.49 checking if : is a manifest tool... no
#8 53.76 checking for ANSI C header files... yes
#8 53.85 checking for sys/types.h... yes
#8 53.98 checking for sys/stat.h... yes
#8 54.13 checking for stdlib.h... yes
#8 54.28 checking for string.h... yes
#8 54.41 checking for memory.h... yes
#8 54.54 checking for strings.h... yes
#8 54.65 checking for inttypes.h... yes
#8 54.74 checking for stdint.h... yes
#8 54.83 checking for unistd.h... yes
#8 54.93 checking for dlfcn.h... yes
#8 54.95 checking for objdir... .libs
#8 55.15 checking if cc supports -fno-rtti -fno-exceptions... /var/tmp/redis/configure: line 10171: diff: command not found
#8 55.16 no
#8 55.16 checking for cc option to produce PIC... -fPIC -DPIC
#8 55.21 checking if cc PIC flag -fPIC -DPIC works... yes
#8 55.31 checking if cc static flag -static works... no
#8 55.40 checking if cc supports -c -o file.o... yes
#8 55.40 checking if cc supports -c -o file.o... (cached) yes
#8 55.43 checking whether the cc linker (/bin/ld -m elf_x86_64) supports shared libraries... yes
#8 55.54 checking whether -lc should be explicitly linked in... no
#8 55.73 checking dynamic linker characteristics... GNU/Linux ld.so
#8 55.73 checking how to hardcode library paths into programs... immediate
#8 55.73 checking whether stripping libraries is possible... yes
#8 55.73 checking if libtool supports shared libraries... yes
#8 55.73 checking whether to build shared libraries... yes
#8 55.73 checking whether to build static libraries... no
#8 55.90 configure: patching config.h.in
#8 55.91 configure: creating ./config.status
#8 56.73 config.status: creating config.h
#8 56.75 config.status: executing libtool commands
#8 56.86 running: make
#8 56.88 /bin/sh /var/tmp/pear-build-rootZYs88a/redis-6.0.2/libtool --mode=compile cc  -I. -I/var/tmp/redis -DPHP_ATOM_INC -I/var/tmp/pear-build-rootZYs88a/redis-6.0.2/include -I/var/tmp/pear-build-rootZYs88a/redis-6.0.2/main -I/var/tmp/redis -I/usr/include/php -I/usr/include/php/main -I/usr/include/php/TSRM -I/usr/include/php/Zend -I/usr/include/php/ext -I/usr/include/php/ext/date/lib -I/usr/include/php/ext  -DHAVE_CONFIG_H  -g -O2   -c /var/tmp/redis/redis.c -o redis.lo
#8 56.98 libtool: compile:  cc -I. -I/var/tmp/redis -DPHP_ATOM_INC -I/var/tmp/pear-build-rootZYs88a/redis-6.0.2/include -I/var/tmp/pear-build-rootZYs88a/redis-6.0.2/main -I/var/tmp/redis -I/usr/include/php -I/usr/include/php/main -I/usr/include/php/TSRM -I/usr/include/php/Zend -I/usr/include/php/ext -I/usr/include/php/ext/date/lib -I/usr/include/php/ext -DHAVE_CONFIG_H -g -O2 -c /var/tmp/redis/redis.c  -fPIC -DPIC -o .libs/redis.o
#8 69.54 /bin/sh /var/tmp/pear-build-rootZYs88a/redis-6.0.2/libtool --mode=compile cc  -I. -I/var/tmp/redis -DPHP_ATOM_INC -I/var/tmp/pear-build-rootZYs88a/redis-6.0.2/include -I/var/tmp/pear-build-rootZYs88a/redis-6.0.2/main -I/var/tmp/redis -I/usr/include/php -I/usr/include/php/main -I/usr/include/php/TSRM -I/usr/include/php/Zend -I/usr/include/php/ext -I/usr/include/php/ext/date/lib -I/usr/include/php/ext  -DHAVE_CONFIG_H  -g -O2   -c /var/tmp/redis/redis_commands.c -o redis_commands.lo
#8 69.62 libtool: compile:  cc -I. -I/var/tmp/redis -DPHP_ATOM_INC -I/var/tmp/pear-build-rootZYs88a/redis-6.0.2/include -I/var/tmp/pear-build-rootZYs88a/redis-6.0.2/main -I/var/tmp/redis -I/usr/include/php -I/usr/include/php/main -I/usr/include/php/TSRM -I/usr/include/php/Zend -I/usr/include/php/ext -I/usr/include/php/ext/date/lib -I/usr/include/php/ext -DHAVE_CONFIG_H -g -O2 -c /var/tmp/redis/redis_commands.c  -fPIC -DPIC -o .libs/redis_commands.o
#8 74.01 /bin/sh /var/tmp/pear-build-rootZYs88a/redis-6.0.2/libtool --mode=compile cc  -I. -I/var/tmp/redis -DPHP_ATOM_INC -I/var/tmp/pear-build-rootZYs88a/redis-6.0.2/include -I/var/tmp/pear-build-rootZYs88a/redis-6.0.2/main -I/var/tmp/redis -I/usr/include/php -I/usr/include/php/main -I/usr/include/php/TSRM -I/usr/include/php/Zend -I/usr/include/php/ext -I/usr/include/php/ext/date/lib -I/usr/include/php/ext  -DHAVE_CONFIG_H  -g -O2   -c /var/tmp/redis/library.c -o library.lo
#8 74.07 libtool: compile:  cc -I. -I/var/tmp/redis -DPHP_ATOM_INC -I/var/tmp/pear-build-rootZYs88a/redis-6.0.2/include -I/var/tmp/pear-build-rootZYs88a/redis-6.0.2/main -I/var/tmp/redis -I/usr/include/php -I/usr/include/php/main -I/usr/include/php/TSRM -I/usr/include/php/Zend -I/usr/include/php/ext -I/usr/include/php/ext/date/lib -I/usr/include/php/ext -DHAVE_CONFIG_H -g -O2 -c /var/tmp/redis/library.c  -fPIC -DPIC -o .libs/library.o
#8 76.64 /bin/sh /var/tmp/pear-build-rootZYs88a/redis-6.0.2/libtool --mode=compile cc  -I. -I/var/tmp/redis -DPHP_ATOM_INC -I/var/tmp/pear-build-rootZYs88a/redis-6.0.2/include -I/var/tmp/pear-build-rootZYs88a/redis-6.0.2/main -I/var/tmp/redis -I/usr/include/php -I/usr/include/php/main -I/usr/include/php/TSRM -I/usr/include/php/Zend -I/usr/include/php/ext -I/usr/include/php/ext/date/lib -I/usr/include/php/ext  -DHAVE_CONFIG_H  -g -O2   -c /var/tmp/redis/redis_session.c -o redis_session.lo
#8 76.70 libtool: compile:  cc -I. -I/var/tmp/redis -DPHP_ATOM_INC -I/var/tmp/pear-build-rootZYs88a/redis-6.0.2/include -I/var/tmp/pear-build-rootZYs88a/redis-6.0.2/main -I/var/tmp/redis -I/usr/include/php -I/usr/include/php/main -I/usr/include/php/TSRM -I/usr/include/php/Zend -I/usr/include/php/ext -I/usr/include/php/ext/date/lib -I/usr/include/php/ext -DHAVE_CONFIG_H -g -O2 -c /var/tmp/redis/redis_session.c  -fPIC -DPIC -o .libs/redis_session.o
#8 77.43 /bin/sh /var/tmp/pear-build-rootZYs88a/redis-6.0.2/libtool --mode=compile cc  -I. -I/var/tmp/redis -DPHP_ATOM_INC -I/var/tmp/pear-build-rootZYs88a/redis-6.0.2/include -I/var/tmp/pear-build-rootZYs88a/redis-6.0.2/main -I/var/tmp/redis -I/usr/include/php -I/usr/include/php/main -I/usr/include/php/TSRM -I/usr/include/php/Zend -I/usr/include/php/ext -I/usr/include/php/ext/date/lib -I/usr/include/php/ext  -DHAVE_CONFIG_H  -g -O2   -c /var/tmp/redis/redis_array.c -o redis_array.lo
#8 77.49 libtool: compile:  cc -I. -I/var/tmp/redis -DPHP_ATOM_INC -I/var/tmp/pear-build-rootZYs88a/redis-6.0.2/include -I/var/tmp/pear-build-rootZYs88a/redis-6.0.2/main -I/var/tmp/redis -I/usr/include/php -I/usr/include/php/main -I/usr/include/php/TSRM -I/usr/include/php/Zend -I/usr/include/php/ext -I/usr/include/php/ext/date/lib -I/usr/include/php/ext -DHAVE_CONFIG_H -g -O2 -c /var/tmp/redis/redis_array.c  -fPIC -DPIC -o .libs/redis_array.o
#8 78.53 /bin/sh /var/tmp/pear-build-rootZYs88a/redis-6.0.2/libtool --mode=compile cc  -I. -I/var/tmp/redis -DPHP_ATOM_INC -I/var/tmp/pear-build-rootZYs88a/redis-6.0.2/include -I/var/tmp/pear-build-rootZYs88a/redis-6.0.2/main -I/var/tmp/redis -I/usr/include/php -I/usr/include/php/main -I/usr/include/php/TSRM -I/usr/include/php/Zend -I/usr/include/php/ext -I/usr/include/php/ext/date/lib -I/usr/include/php/ext  -DHAVE_CONFIG_H  -g -O2   -c /var/tmp/redis/redis_array_impl.c -o redis_array_impl.lo
#8 78.59 libtool: compile:  cc -I. -I/var/tmp/redis -DPHP_ATOM_INC -I/var/tmp/pear-build-rootZYs88a/redis-6.0.2/include -I/var/tmp/pear-build-rootZYs88a/redis-6.0.2/main -I/var/tmp/redis -I/usr/include/php -I/usr/include/php/main -I/usr/include/php/TSRM -I/usr/include/php/Zend -I/usr/include/php/ext -I/usr/include/php/ext/date/lib -I/usr/include/php/ext -DHAVE_CONFIG_H -g -O2 -c /var/tmp/redis/redis_array_impl.c  -fPIC -DPIC -o .libs/redis_array_impl.o
#8 79.72 /bin/sh /var/tmp/pear-build-rootZYs88a/redis-6.0.2/libtool --mode=compile cc  -I. -I/var/tmp/redis -DPHP_ATOM_INC -I/var/tmp/pear-build-rootZYs88a/redis-6.0.2/include -I/var/tmp/pear-build-rootZYs88a/redis-6.0.2/main -I/var/tmp/redis -I/usr/include/php -I/usr/include/php/main -I/usr/include/php/TSRM -I/usr/include/php/Zend -I/usr/include/php/ext -I/usr/include/php/ext/date/lib -I/usr/include/php/ext  -DHAVE_CONFIG_H  -g -O2   -c /var/tmp/redis/redis_cluster.c -o redis_cluster.lo
#8 79.77 libtool: compile:  cc -I. -I/var/tmp/redis -DPHP_ATOM_INC -I/var/tmp/pear-build-rootZYs88a/redis-6.0.2/include -I/var/tmp/pear-build-rootZYs88a/redis-6.0.2/main -I/var/tmp/redis -I/usr/include/php -I/usr/include/php/main -I/usr/include/php/TSRM -I/usr/include/php/Zend -I/usr/include/php/ext -I/usr/include/php/ext/date/lib -I/usr/include/php/ext -DHAVE_CONFIG_H -g -O2 -c /var/tmp/redis/redis_cluster.c  -fPIC -DPIC -o .libs/redis_cluster.o
#8 85.68 /bin/sh /var/tmp/pear-build-rootZYs88a/redis-6.0.2/libtool --mode=compile cc  -I. -I/var/tmp/redis -DPHP_ATOM_INC -I/var/tmp/pear-build-rootZYs88a/redis-6.0.2/include -I/var/tmp/pear-build-rootZYs88a/redis-6.0.2/main -I/var/tmp/redis -I/usr/include/php -I/usr/include/php/main -I/usr/include/php/TSRM -I/usr/include/php/Zend -I/usr/include/php/ext -I/usr/include/php/ext/date/lib -I/usr/include/php/ext  -DHAVE_CONFIG_H  -g -O2   -c /var/tmp/redis/cluster_library.c -o cluster_library.lo
#8 85.73 libtool: compile:  cc -I. -I/var/tmp/redis -DPHP_ATOM_INC -I/var/tmp/pear-build-rootZYs88a/redis-6.0.2/include -I/var/tmp/pear-build-rootZYs88a/redis-6.0.2/main -I/var/tmp/redis -I/usr/include/php -I/usr/include/php/main -I/usr/include/php/TSRM -I/usr/include/php/Zend -I/usr/include/php/ext -I/usr/include/php/ext/date/lib -I/usr/include/php/ext -DHAVE_CONFIG_H -g -O2 -c /var/tmp/redis/cluster_library.c  -fPIC -DPIC -o .libs/cluster_library.o
#8 87.41 /bin/sh /var/tmp/pear-build-rootZYs88a/redis-6.0.2/libtool --mode=compile cc  -I. -I/var/tmp/redis -DPHP_ATOM_INC -I/var/tmp/pear-build-rootZYs88a/redis-6.0.2/include -I/var/tmp/pear-build-rootZYs88a/redis-6.0.2/main -I/var/tmp/redis -I/usr/include/php -I/usr/include/php/main -I/usr/include/php/TSRM -I/usr/include/php/Zend -I/usr/include/php/ext -I/usr/include/php/ext/date/lib -I/usr/include/php/ext  -DHAVE_CONFIG_H  -g -O2   -c /var/tmp/redis/redis_sentinel.c -o redis_sentinel.lo
#8 87.48 libtool: compile:  cc -I. -I/var/tmp/redis -DPHP_ATOM_INC -I/var/tmp/pear-build-rootZYs88a/redis-6.0.2/include -I/var/tmp/pear-build-rootZYs88a/redis-6.0.2/main -I/var/tmp/redis -I/usr/include/php -I/usr/include/php/main -I/usr/include/php/TSRM -I/usr/include/php/Zend -I/usr/include/php/ext -I/usr/include/php/ext/date/lib -I/usr/include/php/ext -DHAVE_CONFIG_H -g -O2 -c /var/tmp/redis/redis_sentinel.c  -fPIC -DPIC -o .libs/redis_sentinel.o
#8 88.45 /bin/sh /var/tmp/pear-build-rootZYs88a/redis-6.0.2/libtool --mode=compile cc  -I. -I/var/tmp/redis -DPHP_ATOM_INC -I/var/tmp/pear-build-rootZYs88a/redis-6.0.2/include -I/var/tmp/pear-build-rootZYs88a/redis-6.0.2/main -I/var/tmp/redis -I/usr/include/php -I/usr/include/php/main -I/usr/include/php/TSRM -I/usr/include/php/Zend -I/usr/include/php/ext -I/usr/include/php/ext/date/lib -I/usr/include/php/ext  -DHAVE_CONFIG_H  -g -O2   -c /var/tmp/redis/sentinel_library.c -o sentinel_library.lo
#8 88.52 libtool: compile:  cc -I. -I/var/tmp/redis -DPHP_ATOM_INC -I/var/tmp/pear-build-rootZYs88a/redis-6.0.2/include -I/var/tmp/pear-build-rootZYs88a/redis-6.0.2/main -I/var/tmp/redis -I/usr/include/php -I/usr/include/php/main -I/usr/include/php/TSRM -I/usr/include/php/Zend -I/usr/include/php/ext -I/usr/include/php/ext/date/lib -I/usr/include/php/ext -DHAVE_CONFIG_H -g -O2 -c /var/tmp/redis/sentinel_library.c  -fPIC -DPIC -o .libs/sentinel_library.o
#8 88.85 /bin/sh /var/tmp/pear-build-rootZYs88a/redis-6.0.2/libtool --mode=compile cc  -I. -I/var/tmp/redis -DPHP_ATOM_INC -I/var/tmp/pear-build-rootZYs88a/redis-6.0.2/include -I/var/tmp/pear-build-rootZYs88a/redis-6.0.2/main -I/var/tmp/redis -I/usr/include/php -I/usr/include/php/main -I/usr/include/php/TSRM -I/usr/include/php/Zend -I/usr/include/php/ext -I/usr/include/php/ext/date/lib -I/usr/include/php/ext  -DHAVE_CONFIG_H  -g -O2   -c /var/tmp/redis/backoff.c -o backoff.lo
#8 89.07 libtool: compile:  cc -I. -I/var/tmp/redis -DPHP_ATOM_INC -I/var/tmp/pear-build-rootZYs88a/redis-6.0.2/include -I/var/tmp/pear-build-rootZYs88a/redis-6.0.2/main -I/var/tmp/redis -I/usr/include/php -I/usr/include/php/main -I/usr/include/php/TSRM -I/usr/include/php/Zend -I/usr/include/php/ext -I/usr/include/php/ext/date/lib -I/usr/include/php/ext -DHAVE_CONFIG_H -g -O2 -c /var/tmp/redis/backoff.c  -fPIC -DPIC -o .libs/backoff.o
#8 89.77 /bin/sh /var/tmp/pear-build-rootZYs88a/redis-6.0.2/libtool --mode=link cc -DPHP_ATOM_INC -I/var/tmp/pear-build-rootZYs88a/redis-6.0.2/include -I/var/tmp/pear-build-rootZYs88a/redis-6.0.2/main -I/var/tmp/redis -I/usr/include/php -I/usr/include/php/main -I/usr/include/php/TSRM -I/usr/include/php/Zend -I/usr/include/php/ext -I/usr/include/php/ext/date/lib -I/usr/include/php/ext  -DHAVE_CONFIG_H  -g -O2    -o redis.la -export-dynamic -avoid-version -prefer-pic -module -rpath /var/tmp/pear-build-rootZYs88a/redis-6.0.2/modules  redis.lo redis_commands.lo library.lo redis_session.lo redis_array.lo redis_array_impl.lo redis_cluster.lo cluster_library.lo redis_sentinel.lo sentinel_library.lo backoff.lo
#8 89.99 libtool: link: cc -shared  -fPIC -DPIC  .libs/redis.o .libs/redis_commands.o .libs/library.o .libs/redis_session.o .libs/redis_array.o .libs/redis_array_impl.o .libs/redis_cluster.o .libs/cluster_library.o .libs/redis_sentinel.o .libs/sentinel_library.o .libs/backoff.o    -g -O2   -Wl,-soname -Wl,redis.so -o .libs/redis.so
#8 90.15 libtool: link: ( cd ".libs" && rm -f "redis.la" && ln -s "../redis.la" "redis.la" )
#8 90.16 /bin/sh /var/tmp/pear-build-rootZYs88a/redis-6.0.2/libtool --mode=install cp ./redis.la /var/tmp/pear-build-rootZYs88a/redis-6.0.2/modules
#8 90.21 libtool: install: cp ./.libs/redis.so /var/tmp/pear-build-rootZYs88a/redis-6.0.2/modules/redis.so
#8 90.23 libtool: install: cp ./.libs/redis.lai /var/tmp/pear-build-rootZYs88a/redis-6.0.2/modules/redis.la
#8 90.35 libtool: finish: PATH="/sbin:/bin:/usr/sbin:/usr/bin:/sbin" ldconfig -n /var/tmp/pear-build-rootZYs88a/redis-6.0.2/modules
#8 90.35 ----------------------------------------------------------------------
#8 90.35 Libraries have been installed in:
#8 90.35    /var/tmp/pear-build-rootZYs88a/redis-6.0.2/modules
#8 90.35 
#8 90.35 If you ever happen to want to link against installed libraries
#8 90.35 in a given directory, LIBDIR, you must either use libtool, and
#8 90.35 specify the full pathname of the library, or use the '-LLIBDIR'
#8 90.35 flag during linking and do at least one of the following:
#8 90.35    - add LIBDIR to the 'LD_LIBRARY_PATH' environment variable
#8 90.35      during execution
#8 90.35    - add LIBDIR to the 'LD_RUN_PATH' environment variable
#8 90.35      during linking
#8 90.35    - use the '-Wl,-rpath -Wl,LIBDIR' linker flag
#8 90.35    - have your system administrator add LIBDIR to '/etc/ld.so.conf'
#8 90.35 
#8 90.35 See any operating system documentation about shared libraries for
#8 90.35 more information, such as the ld(1) and ld.so(8) manual pages.
#8 90.35 ----------------------------------------------------------------------
#8 90.37 
#8 90.37 Build complete.
#8 90.37 Don't forget to run 'make test'.
#8 90.38 
#8 90.38 running: make INSTALL_ROOT="/var/tmp/pear-build-rootZYs88a/install-redis-6.0.2" install
#8 90.49 Installing shared extensions:     /var/tmp/pear-build-rootZYs88a/install-redis-6.0.2/usr/lib64/php/modules/
#8 90.60 running: find "/var/tmp/pear-build-rootZYs88a/install-redis-6.0.2" | xargs ls -dils
#8 90.60 684638    4 drwxr-xr-x 3 root root    4096 Jan 15 15:54 /var/tmp/pear-build-rootZYs88a/install-redis-6.0.2
#8 90.60 684679    4 drwxr-xr-x 3 root root    4096 Jan 15 15:54 /var/tmp/pear-build-rootZYs88a/install-redis-6.0.2/usr
#8 90.60 684680    4 drwxr-xr-x 3 root root    4096 Jan 15 15:54 /var/tmp/pear-build-rootZYs88a/install-redis-6.0.2/usr/lib64
#8 90.60 684681    4 drwxr-xr-x 3 root root    4096 Jan 15 15:54 /var/tmp/pear-build-rootZYs88a/install-redis-6.0.2/usr/lib64/php
#8 90.60 684682    4 drwxr-xr-x 2 root root    4096 Jan 15 15:54 /var/tmp/pear-build-rootZYs88a/install-redis-6.0.2/usr/lib64/php/modules
#8 90.60 684677 4628 -rwxr-xr-x 1 root root 4737976 Jan 15 15:54 /var/tmp/pear-build-rootZYs88a/install-redis-6.0.2/usr/lib64/php/modules/redis.so
#8 90.62 
#8 90.62 Build process completed successfully
#8 90.62 Installing '/usr/lib64/php/modules/redis.so'
#8 90.64 install ok: channel://pecl.php.net/redis-6.0.2
#8 90.65 configuration option "php_ini" is not set to php.ini location
#8 90.65 You should add "extension=redis.so" to php.ini
#8 90.69 PHP Warning:  PHP Startup: Unable to load dynamic library 'sqlsrv.so' (tried: /usr/lib64/php/modules/sqlsrv.so (/usr/lib64/php/modules/sqlsrv.so: cannot open shared object file: No such file or directory), /usr/lib64/php/modules/sqlsrv.so.so (/usr/lib64/php/modules/sqlsrv.so.so: cannot open shared object file: No such file or directory)) in Unknown on line 0
#8 90.69 PHP Warning:  PHP Startup: Unable to load dynamic library 'pdo_sqlsrv.so' (tried: /usr/lib64/php/modules/pdo_sqlsrv.so (/usr/lib64/php/modules/pdo_sqlsrv.so: cannot open shared object file: No such file or directory), /usr/lib64/php/modules/pdo_sqlsrv.so.so (/usr/lib64/php/modules/pdo_sqlsrv.so.so: cannot open shared object file: No such file or directory)) in Unknown on line 0
#8 90.75 PHP Warning:  PHP Startup: Unable to load dynamic library 'sqlsrv.so' (tried: /usr/lib64/php/modules/sqlsrv.so (/usr/lib64/php/modules/sqlsrv.so: cannot open shared object file: No such file or directory), /usr/lib64/php/modules/sqlsrv.so.so (/usr/lib64/php/modules/sqlsrv.so.so: cannot open shared object file: No such file or directory)) in Unknown on line 0
#8 90.75 PHP Warning:  PHP Startup: Unable to load dynamic library 'pdo_sqlsrv.so' (tried: /usr/lib64/php/modules/pdo_sqlsrv.so (/usr/lib64/php/modules/pdo_sqlsrv.so: cannot open shared object file: No such file or directory), /usr/lib64/php/modules/pdo_sqlsrv.so.so (/usr/lib64/php/modules/pdo_sqlsrv.so.so: cannot open shared object file: No such file or directory)) in Unknown on line 0
#8 91.42 All settings correct for using Composer
#8 91.42 Downloading...
#8 92.35 
#8 92.35 Composer (version 2.6.6) successfully installed to: /usr/local/bin/composer
#8 92.35 Use it: php /usr/local/bin/composer
#8 92.35 
#8 DONE 92.5s

#9 [ 5/17] RUN dnf -y install php-zip
#9 1.824 Updating Subscription Management repositories.
#9 1.825 Unable to read consumer identity
#9 1.844 
#9 1.844 This system is not registered with an entitlement server. You can use subscription-manager to register.
#9 1.844 
#9 2.222 Last metadata expiration check: 0:01:09 ago on Mon Jan 15 15:53:54 2024.
#9 2.580 Package php-pecl-zip-1.18.2-1.module+el8.3.0+6678+b09f589e.x86_64 is already installed.
#9 2.689 Dependencies resolved.
#9 2.700 Nothing to do.
#9 2.701 Complete!
#9 DONE 2.9s

#10 [ 6/17] RUN dnf remove nginx-filesystem -y
#10 1.095 Updating Subscription Management repositories.
#10 1.095 Unable to read consumer identity
#10 1.101 
#10 1.101 This system is not registered with an entitlement server. You can use subscription-manager to register.
#10 1.101 
#10 1.373 Dependencies resolved.
#10 1.376 ============================================================================================================
#10 1.376  Package            Arch    Version                                 Repository                          Size
#10 1.376 ============================================================================================================
#10 1.376 Removing:
#10 1.376  nginx-filesystem   noarch  1:1.14.1-9.module+el8.0.0+4108+af250afe @rhel-8-for-x86_64-appstream-rpms    0  
#10 1.376 Removing dependent packages:
#10 1.376  php-fpm            x86_64  7.4.33-1.module+el8.8.0+17865+ef7eddfa  @rhel-8-for-x86_64-appstream-rpms  6.2 M
#10 1.376 
#10 1.376 Transaction Summary
#10 1.376 ============================================================================================================
#10 1.376 Remove  2 Packages
#10 1.376 
#10 1.377 Freed space: 6.2 M
#10 1.378 Running transaction check
#10 1.383 Transaction check succeeded.
#10 1.383 Running transaction test
#10 1.416 Transaction test succeeded.
#10 1.417 Running transaction
#10 1.631   Preparing        :                                                        1/1 
#10 1.664   Running scriptlet: php-fpm-7.4.33-1.module+el8.8.0+17865+ef7eddfa.x86_6   1/1 
#10 1.677   Running scriptlet: php-fpm-7.4.33-1.module+el8.8.0+17865+ef7eddfa.x86_6   1/2 
#10 1.702   Erasing          : php-fpm-7.4.33-1.module+el8.8.0+17865+ef7eddfa.x86_6   1/2 
#10 1.705   Running scriptlet: php-fpm-7.4.33-1.module+el8.8.0+17865+ef7eddfa.x86_6   1/2 
#10 1.738   Erasing          : nginx-filesystem-1:1.14.1-9.module+el8.0.0+4108+af25   2/2 
#10 1.742   Running scriptlet: nginx-filesystem-1:1.14.1-9.module+el8.0.0+4108+af25   2/2 
#10 1.890   Verifying        : nginx-filesystem-1:1.14.1-9.module+el8.0.0+4108+af25   1/2 
#10 1.890   Verifying        : php-fpm-7.4.33-1.module+el8.8.0+17865+ef7eddfa.x86_6   2/2 
#10 2.138 Installed products updated.
#10 2.159 
#10 2.159 Removed:
#10 2.159   nginx-filesystem-1:1.14.1-9.module+el8.0.0+4108+af250afe.noarch               
#10 2.159   php-fpm-7.4.33-1.module+el8.8.0+17865+ef7eddfa.x86_64                         
#10 2.159 
#10 2.159 Complete!
#10 DONE 2.4s

#11 [ 7/17] WORKDIR /var/www/html/
#11 DONE 0.0s

#12 [ 8/17] RUN chown -R 1001:0 /run
#12 DONE 0.4s

#13 [ 9/17] RUN chown -R 1001:0 /etc/httpd/run
#13 DONE 0.5s

#14 [10/17] RUN chmod -R 777 /run
#14 DONE 0.5s

#15 [11/17] RUN chmod -R 777 /etc/httpd/run
#15 DONE 0.6s

#16 [12/17] RUN chmod -R 777 /var/www/html/ct_id_uploads
#16 0.570 chmod: cannot access '/var/www/html/ct_id_uploads': No such file or directory
#16 ERROR: process "/bin/sh -c chmod -R 777 /var/www/html/ct_id_uploads" did not complete successfully: exit code: 1
------
 > [12/17] RUN chmod -R 777 /var/www/html/ct_id_uploads:
0.570 chmod: cannot access '/var/www/html/ct_id_uploads': No such file or directory
------
Dockerfile:14
--------------------
  12 |     RUN chmod -R 777 /run
  13 |     RUN chmod -R 777 /etc/httpd/run
  14 | >>> RUN chmod -R 777 /var/www/html/ct_id_uploads
  15 |     RUN chmod -R 777 /var/www/html/odc_uploads
  16 |     RUN chmod -R 777 /var/www/html/nohup.out
--------------------
ERROR: failed to solve: process "/bin/sh -c chmod -R 777 /var/www/html/ct_id_uploads" did not complete successfully: exit code: 1
